\BOOKMARK [0][-]{section*.1}{\376\377\000R\000e\000f\000a\000c\000t\000o\000r\000i\000n\000g\000\040\000`\000n\000l\000s\000\050\000\051\000'\000:\000\040\000a\000\040\000C\000o\000n\000s\000t\000r\000u\000c\000t\000i\000v\000e\000\040\000C\000r\000i\000t\000i\000q\000u\000e}{}% 1
\BOOKMARK [1][-]{section.2.1}{\376\377\000T\000h\000e\000\040\000n\000l\000s\000\050\000\051\000\040\000f\000u\000n\000c\000t\000i\000o\000n\000:\000\040\000s\000t\000r\000e\000n\000g\000t\000h\000s\000\040\000a\000n\000d\000\040\000s\000h\000o\000r\000t\000c\000o\000m\000i\000n\000g\000s}{section*.1}% 2
\BOOKMARK [2][-]{subsection.2.1.1}{\376\377\000F\000e\000a\000t\000u\000r\000e\000:\000\040\000C\000o\000n\000v\000e\000r\000g\000e\000n\000c\000e\000\040\000a\000n\000d\000\040\000t\000e\000r\000m\000i\000n\000a\000t\000i\000o\000n\000\040\000t\000e\000s\000t\000s\000\040\000\050\000F\000I\000X\000E\000D\000\051}{section.2.1}% 3
\BOOKMARK [2][-]{subsection.2.1.2}{\376\377\000F\000e\000a\000t\000u\000r\000e\000:\000\040\000F\000a\000i\000l\000u\000r\000e\000\040\000w\000h\000e\000n\000\040\000J\000a\000c\000o\000b\000i\000a\000n\000\040\000i\000s\000\040\000c\000o\000m\000p\000u\000t\000a\000t\000i\000o\000n\000a\000l\000l\000y\000\040\000s\000i\000n\000g\000u\000l\000a\000r}{section.2.1}% 4
\BOOKMARK [2][-]{subsection.2.1.3}{\376\377\000F\000e\000a\000t\000u\000r\000e\000:\000\040\000J\000a\000c\000o\000b\000i\000a\000n\000\040\000c\000o\000m\000p\000u\000t\000a\000t\000i\000o\000n}{section.2.1}% 5
\BOOKMARK [2][-]{subsection.2.1.4}{\376\377\000F\000e\000a\000t\000u\000r\000e\000:\000\040\000W\000e\000i\000g\000h\000t\000s\000\040\000o\000n\000\040\000o\000b\000s\000e\000r\000v\000a\000t\000i\000o\000n\000s}{section.2.1}% 6
\BOOKMARK [2][-]{subsection.2.1.5}{\376\377\000F\000e\000a\000t\000u\000r\000e\000:\000\040\000S\000u\000b\000s\000e\000t\000t\000i\000n\000g}{section.2.1}% 7
\BOOKMARK [2][-]{subsection.2.1.6}{\376\377\000F\000e\000a\000t\000u\000r\000e\000:\000\040\000n\000a\000.\000a\000c\000t\000i\000o\000n}{section.2.1}% 8
\BOOKMARK [2][-]{subsection.2.1.7}{\376\377\000F\000e\000a\000t\000u\000r\000e\000:\000\040\000m\000o\000d\000e\000l\000\040\000f\000r\000a\000m\000e}{section.2.1}% 9
\BOOKMARK [2][-]{subsection.2.1.8}{\376\377\000F\000e\000a\000t\000u\000r\000e\000:\000\040\000S\000o\000u\000r\000c\000e\000s\000\040\000o\000f\000\040\000d\000a\000t\000a}{section.2.1}% 10
\BOOKMARK [2][-]{subsection.2.1.9}{\376\377\000F\000e\000a\000t\000u\000r\000e\000:\000\040\000m\000i\000s\000s\000i\000n\000g\000\040\000s\000t\000a\000r\000t\000\040\000v\000e\000c\000t\000o\000r\000\040\000a\000n\000d\000\040\000s\000e\000l\000f\000-\000s\000t\000a\000r\000t\000i\000n\000g\000\040\000m\000o\000d\000e\000l\000s}{section.2.1}% 11
\BOOKMARK [2][-]{subsection.2.1.10}{\376\377\000I\000s\000s\000u\000e\000:\000\040\000r\000e\000t\000u\000r\000n\000e\000d\000\040\000o\000u\000t\000p\000u\000t\000\040\000o\000f\000\040\000n\000l\000s\000\050\000\051\000\040\000a\000n\000d\000\040\000i\000t\000s\000\040\000d\000o\000c\000u\000m\000e\000n\000t\000a\000t\000i\000o\000n}{section.2.1}% 12
\BOOKMARK [2][-]{subsection.2.1.11}{\376\377\000F\000e\000a\000t\000u\000r\000e\000:\000\040\000p\000a\000r\000t\000i\000a\000l\000l\000y\000\040\000l\000i\000n\000e\000a\000r\000\040\000m\000o\000d\000e\000l\000s\000\040\000a\000n\000d\000\040\000t\000h\000e\000i\000r\000\040\000s\000p\000e\000c\000i\000f\000i\000c\000a\000t\000i\000o\000n}{section.2.1}% 13
\BOOKMARK [2][-]{subsection.2.1.12}{\376\377\000F\000e\000a\000t\000u\000r\000e\000:\000\040\000i\000n\000d\000e\000x\000e\000d\000\040\000p\000a\000r\000a\000m\000e\000t\000e\000r\000s}{section.2.1}% 14
\BOOKMARK [2][-]{subsection.2.1.13}{\376\377\000F\000e\000a\000t\000u\000r\000e\000:\000\040\000b\000o\000u\000n\000d\000s\000\040\000o\000n\000\040\000p\000a\000r\000a\000m\000e\000t\000e\000r\000s}{section.2.1}% 15
\BOOKMARK [2][-]{subsection.2.1.14}{\376\377\000I\000s\000s\000u\000e\000:\000\040\000c\000o\000d\000e\000\040\000s\000t\000r\000u\000c\000t\000u\000r\000e\000\040\000a\000n\000d\000\040\000d\000o\000c\000u\000m\000e\000n\000t\000a\000t\000i\000o\000n\000\040\000f\000o\000r\000\040\000m\000a\000i\000n\000t\000e\000n\000a\000n\000c\000e}{section.2.1}% 16
\BOOKMARK [1][-]{section.2.2}{\376\377\000G\000o\000a\000l\000s\000\040\000a\000n\000d\000\040\000p\000r\000o\000g\000r\000e\000s\000s\000\040\000o\000f\000\040\000o\000u\000r\000\040\000e\000f\000f\000o\000r\000t\000\040\000t\000o\000\040\000i\000m\000p\000r\000o\000v\000e\000\040\000n\000l\000s\000\050\000\051}{section*.1}% 17
\BOOKMARK [2][-]{subsection.2.2.1}{\376\377\000C\000o\000d\000e\000\040\000r\000a\000t\000i\000o\000n\000a\000l\000i\000z\000a\000t\000i\000o\000n\000\040\000a\000n\000d\000\040\000d\000o\000c\000u\000m\000e\000n\000t\000a\000t\000i\000o\000n}{section.2.2}% 18
\BOOKMARK [2][-]{subsection.2.2.2}{\376\377\000R\000a\000t\000i\000o\000n\000a\000l\000i\000z\000a\000t\000i\000o\000n\000\040\000o\000f\000\040\000f\000o\000r\000m\000u\000l\000a\000\040\000s\000p\000e\000c\000i\000f\000i\000c\000a\000t\000i\000o\000n\000s}{section.2.2}% 19
\BOOKMARK [2][-]{subsection.2.2.3}{\376\377\000R\000a\000t\000i\000o\000n\000a\000l\000i\000z\000a\000t\000i\000o\000n\000\040\000o\000f\000\040\000i\000n\000d\000e\000x\000e\000d\000\040\000m\000o\000d\000e\000l\000s}{section.2.2}% 20
\BOOKMARK [2][-]{subsection.2.2.4}{\376\377\000S\000t\000r\000e\000a\000m\000l\000i\000n\000i\000n\000g\000\040\000c\000o\000d\000e}{section.2.2}% 21
\BOOKMARK [2][-]{subsection.2.2.5}{\376\377\000T\000e\000s\000t\000s\000\040\000a\000n\000d\000\040\000u\000s\000e\000-\000c\000a\000s\000e\000\040\000e\000x\000a\000m\000p\000l\000e\000s}{section.2.2}% 22
\BOOKMARK [2][-]{subsection.2.2.6}{\376\377\000A\000\040\000t\000e\000s\000t\000i\000n\000g\000\040\000p\000a\000c\000k\000a\000g\000e\000:\000\040\000N\000L\000S\000C\000o\000m\000p\000a\000r\000e}{section.2.2}% 23
\BOOKMARK [2][-]{subsection.2.2.7}{\376\377\000D\000o\000c\000u\000m\000e\000n\000t\000a\000t\000i\000o\000n\000\040\000a\000n\000d\000\040\000r\000e\000s\000o\000u\000r\000c\000e\000s}{section.2.2}% 24
\BOOKMARK [1][-]{section.2.3}{\376\377\000S\000t\000r\000a\000t\000e\000g\000i\000c\000\040\000c\000h\000o\000i\000c\000e\000s\000\040\000i\000n\000\040\000n\000o\000n\000l\000i\000n\000e\000a\000r\000\040\000m\000o\000d\000e\000l\000\040\000e\000s\000t\000i\000m\000a\000t\000i\000o\000n}{section*.1}% 25
\BOOKMARK [1][-]{section.2.4}{\376\377\000A\000c\000k\000n\000o\000w\000l\000e\000d\000g\000e\000m\000e\000n\000t}{section*.1}% 26
\BOOKMARK [1][-]{section.2.5}{\376\377\000R\000e\000f\000e\000r\000e\000n\000c\000e\000s}{section*.1}% 27
\BOOKMARK [1][-]{section.2.5}{\376\377\000R\000e\000f\000e\000r\000e\000n\000c\000e\000s}{section*.1}% 28
