Initial check results: 

SUCCESS: Submission has consistently named tex, bib, and R files
SUCCESS: File and directory names are compliant.
ERROR: Image(s) detected in the main directory: Rlogo-5.png.
They should be placed in the figures/ folder.
SUCCESS: No problematic file found
NOTE: Motivation letter is not detected, if applicable
SUCCESS: Article title formatted in title case.
ERROR: Section Stabilization of Gauss-Newton computations is not in sentence case!
Initial check results: 

SUCCESS: Submission has consistently named tex, bib, and R files
SUCCESS: File and directory names are compliant.
ERROR: Image(s) detected in the main directory: Rlogo-5.png.
They should be placed in the figures/ folder.
SUCCESS: No problematic file found
NOTE: Motivation letter is not detected, if applicable
SUCCESS: Article title formatted in title case.
ERROR: Section Stabilization of Gauss-Newton computations is not in sentence case!
Initial check results: 

SUCCESS: Submission has consistently named tex, bib, and R files
SUCCESS: File and directory names are compliant.
ERROR: Image(s) detected in the main directory: Rlogo-5.png.
They should be placed in the figures/ folder.
SUCCESS: No problematic file found
NOTE: Motivation letter is not detected, if applicable
SUCCESS: Article title formatted in title case.
ERROR: Section Stabilization of Gauss-Newton computations is not in sentence case!
