\BOOKMARK [0][-]{section*.1}{\376\377\000A\000\040\000C\000o\000m\000p\000a\000r\000i\000s\000o\000n\000\040\000o\000f\000\040\000R\000\040\000T\000o\000o\000l\000s\000\040\000f\000o\000r\000\040\000N\000o\000n\000l\000i\000n\000e\000a\000r\000\040\000L\000e\000a\000s\000t\000\040\000S\000q\000u\000a\000r\000e\000s\000\040\000M\000o\000d\000e\000l\000i\000n\000g}{}% 1
\BOOKMARK [1][-]{subsection.2.0.1}{\376\377\000T\000h\000e\000\040\000n\000l\000s\000\050\000\051\000\040\000f\000u\000n\000c\000t\000i\000o\000n}{section*.1}% 2
\BOOKMARK [2][-]{subsection.2.0.2}{\376\377\000S\000c\000o\000p\000e\000\040\000o\000f\000\040\000o\000u\000r\000\040\000c\000o\000m\000p\000a\000r\000i\000s\000o\000n}{subsection.2.0.1}% 3
\BOOKMARK [2][-]{subsection.2.0.3}{\376\377\000S\000o\000m\000e\000\040\000o\000t\000h\000e\000r\000\040\000C\000R\000A\000N\000\040\000p\000a\000c\000k\000a\000g\000e\000s\000\040\000f\000o\000r\000\040\000n\000o\000n\000l\000i\000n\000e\000a\000r\000\040\000m\000o\000d\000e\000l\000i\000n\000g}{subsection.2.0.1}% 4
\BOOKMARK [2][-]{subsection.2.0.4}{\376\377\000A\000n\000\040\000i\000l\000l\000u\000s\000t\000r\000a\000t\000i\000v\000e\000\040\000e\000x\000a\000m\000p\000l\000e}{subsection.2.0.1}% 5
\BOOKMARK [2][-]{subsection.2.0.5}{\376\377\000E\000s\000t\000i\000m\000a\000t\000i\000o\000n\000\040\000o\000f\000\040\000m\000o\000d\000e\000l\000s\000\040\000s\000p\000e\000c\000i\000f\000i\000e\000d\000\040\000a\000s\000\040\000f\000o\000r\000m\000u\000l\000a\000s}{subsection.2.0.1}% 6
\BOOKMARK [2][-]{subsection.2.0.6}{\376\377\000F\000u\000n\000c\000t\000i\000o\000n\000a\000l\000\040\000s\000p\000e\000c\000i\000f\000i\000c\000a\000t\000i\000o\000n\000\040\000o\000f\000\040\000p\000r\000o\000b\000l\000e\000m\000s}{subsection.2.0.1}% 7
\BOOKMARK [2][-]{subsection.2.0.7}{\376\377\000D\000e\000s\000i\000g\000n\000\040\000g\000o\000a\000l\000s\000,\000\040\000t\000e\000r\000m\000i\000n\000a\000t\000i\000o\000n\000\040\000t\000e\000s\000t\000s\000,\000\040\000a\000n\000d\000\040\000o\000u\000t\000p\000u\000t\000\040\000o\000b\000j\000e\000c\000t\000s}{subsection.2.0.1}% 8
\BOOKMARK [2][-]{subsection.2.0.8}{\376\377\000J\000a\000c\000o\000b\000i\000a\000n\000\040\000c\000a\000l\000c\000u\000l\000a\000t\000i\000o\000n}{subsection.2.0.1}% 9
\BOOKMARK [2][-]{subsection.2.0.9}{\376\377\000B\000o\000u\000n\000d\000s\000\040\000c\000o\000n\000s\000t\000r\000a\000i\000n\000t\000s\000\040\000o\000n\000\040\000p\000a\000r\000a\000m\000e\000t\000e\000r\000s}{subsection.2.0.1}% 10
\BOOKMARK [2][-]{subsection.2.0.10}{\376\377\000S\000t\000a\000b\000i\000l\000i\000z\000a\000t\000i\000o\000n\000\040\000o\000f\000\040\000G\000a\000u\000s\000s\000-\000N\000e\000w\000t\000o\000n\000\040\000c\000o\000m\000p\000u\000t\000a\000t\000i\000o\000n\000s}{subsection.2.0.1}% 11
\BOOKMARK [2][-]{subsection.2.0.11}{\376\377\000D\000a\000t\000a\000\040\000s\000o\000u\000r\000c\000e\000s\000\040\000f\000o\000r\000\040\000p\000r\000o\000b\000l\000e\000m\000s}{subsection.2.0.1}% 12
\BOOKMARK [2][-]{subsection.2.0.12}{\376\377\000F\000e\000a\000t\000u\000r\000e\000:\000\040\000m\000o\000d\000e\000l\000\040\000f\000r\000a\000m\000e}{subsection.2.0.1}% 13
\BOOKMARK [2][-]{subsection.2.0.13}{\376\377\000W\000e\000i\000g\000h\000t\000s\000\040\000o\000n\000\040\000o\000b\000s\000e\000r\000v\000a\000t\000i\000o\000n\000s}{subsection.2.0.1}% 14
\BOOKMARK [2][-]{subsection.2.0.14}{\376\377\000M\000i\000n\000o\000r\000\040\000i\000s\000s\000u\000e\000s\000\040\000w\000i\000t\000h\000\040\000n\000o\000n\000l\000i\000n\000e\000a\000r\000\040\000l\000e\000a\000s\000t\000-\000s\000q\000u\000a\000r\000e\000s\000\040\000t\000o\000o\000l\000s}{subsection.2.0.1}% 15
\BOOKMARK [2][-]{subsection.2.0.15}{\376\377\000E\000s\000t\000i\000m\000a\000t\000i\000n\000g\000\040\000m\000o\000d\000e\000l\000s\000\040\000t\000h\000a\000t\000\040\000a\000r\000e\000\040\000p\000a\000r\000t\000i\000a\000l\000l\000y\000\040\000l\000i\000n\000e\000a\000r}{subsection.2.0.1}% 16
\BOOKMARK [2][-]{subsection.2.0.16}{\376\377\000M\000o\000d\000e\000l\000s\000\040\000w\000i\000t\000h\000\040\000i\000n\000d\000e\000x\000e\000d\000\040\000p\000a\000r\000a\000m\000e\000t\000e\000r\000s}{subsection.2.0.1}% 17
\BOOKMARK [2][-]{subsection.2.0.17}{\376\377\000T\000e\000s\000t\000s\000\040\000a\000n\000d\000\040\000u\000s\000e\000-\000c\000a\000s\000e\000\040\000e\000x\000a\000m\000p\000l\000e\000s}{subsection.2.0.1}% 18
\BOOKMARK [2][-]{subsection.2.0.18}{\376\377\000D\000o\000c\000u\000m\000e\000n\000t\000a\000t\000i\000o\000n\000\040\000a\000n\000d\000\040\000r\000e\000s\000o\000u\000r\000c\000e\000s}{subsection.2.0.1}% 19
\BOOKMARK [2][-]{subsection.2.0.19}{\376\377\000F\000u\000t\000u\000r\000e\000\040\000o\000f\000\040\000n\000o\000n\000l\000i\000n\000e\000a\000r\000\040\000m\000o\000d\000e\000l\000\040\000e\000s\000t\000i\000m\000a\000t\000i\000o\000n\000\040\000i\000n\000\040\000R}{subsection.2.0.1}% 20
\BOOKMARK [1][-]{section.2.1}{\376\377\000A\000c\000k\000n\000o\000w\000l\000e\000d\000g\000m\000e\000n\000t\000s}{section*.1}% 21
\BOOKMARK [1][-]{section.2.1}{\376\377\000R\000e\000f\000e\000r\000e\000n\000c\000e\000s}{section*.1}% 22
